<?xml version="1.0" encoding="UTF-8"?>
<testsuite xmlns:xsi="http://www.w3.org/2001/XMLSchema-instance" xsi:noNamespaceSchemaLocation="https://maven.apache.org/surefire/maven-surefire-plugin/xsd/surefire-test-report.xsd" name="com.serenity.alm.nameprovider.NameProviderTest" time="5.841" tests="2" errors="0" skipped="0" failures="0">
  <properties>
[...]
</properties>
  <testcase name="testName" classname="com.serenity.alm.nameprovider.NameProviderTest" time="0.498"/>
  <testcase name="testLastName" classname="com.serenity.alm.nameprovider.NameProviderTest" time="0.024"/>
</testsuite>